0 info it worked if it ends with ok
1 verbose cli [ '/usr/local/bin/node', '/usr/local/bin/npm', 'run', 'dev' ]
2 info using npm@3.3.6
3 info using node@v5.0.0
4 verbose run-script [ 'predev', 'dev', 'postdev' ]
5 info lifecycle transformer@0.5.0~predev: transformer@0.5.0
6 silly lifecycle transformer@0.5.0~predev: no script for predev, continuing
7 info lifecycle transformer@0.5.0~dev: transformer@0.5.0
8 verbose lifecycle transformer@0.5.0~dev: unsafe-perm in lifecycle true
9 verbose lifecycle transformer@0.5.0~dev: PATH: /usr/local/lib/node_modules/npm/bin/node-gyp-bin:/home/dessemundo/apps/transformer/node_modules/.bin:/home/dessemundo/.rvm/gems/ruby-2.2.2/bin:/home/dessemundo/.rvm/gems/ruby-2.2.2@global/bin:/home/dessemundo/.rvm/rubies/ruby-2.2.2/bin:/usr/local/heroku/bin:/usr/local/sbin:/usr/local/bin:/usr/sbin:/usr/bin:/sbin:/bin:/usr/games:/usr/local/games:/home/dessemundo/.rvm/bin:/home/dessemundo/.rvm/bin
10 verbose lifecycle transformer@0.5.0~dev: CWD: /home/dessemundo/apps/transformer
11 silly lifecycle transformer@0.5.0~dev: Args: [ '-c', 'NODE_ENV=development node ./bin/www' ]
12 silly lifecycle transformer@0.5.0~dev: Returned: code: 1  signal: null
13 info lifecycle transformer@0.5.0~dev: Failed to exec dev script
14 verbose stack Error: transformer@0.5.0 dev: `NODE_ENV=development node ./bin/www`
14 verbose stack Exit status 1
14 verbose stack     at EventEmitter.<anonymous> (/usr/local/lib/node_modules/npm/lib/utils/lifecycle.js:233:16)
14 verbose stack     at emitTwo (events.js:87:13)
14 verbose stack     at EventEmitter.emit (events.js:172:7)
14 verbose stack     at ChildProcess.<anonymous> (/usr/local/lib/node_modules/npm/lib/utils/spawn.js:24:14)
14 verbose stack     at emitTwo (events.js:87:13)
14 verbose stack     at ChildProcess.emit (events.js:172:7)
14 verbose stack     at maybeClose (internal/child_process.js:818:16)
14 verbose stack     at Process.ChildProcess._handle.onexit (internal/child_process.js:211:5)
15 verbose pkgid transformer@0.5.0
16 verbose cwd /home/dessemundo/apps/transformer
17 error Linux 4.1.5-x86_64-linode61
18 error argv "/usr/local/bin/node" "/usr/local/bin/npm" "run" "dev"
19 error node v5.0.0
20 error npm  v3.3.6
21 error code ELIFECYCLE
22 error transformer@0.5.0 dev: `NODE_ENV=development node ./bin/www`
22 error Exit status 1
23 error Failed at the transformer@0.5.0 dev script 'NODE_ENV=development node ./bin/www'.
23 error This is most likely a problem with the transformer package,
23 error not with npm itself.
23 error Tell the author that this fails on your system:
23 error     NODE_ENV=development node ./bin/www
23 error You can get their info via:
23 error     npm owner ls transformer
23 error There is likely additional logging output above.
24 verbose exit [ 1, true ]
